<?xml version="1.0" encoding="UTF-8"?>
<testng-results ignored="0" total="2" passed="2" failed="0" skipped="0">
  <reporter-output>
  </reporter-output>
  <suite started-at="2022-09-04T13:22:10 EDT" name="Default suite" finished-at="2022-09-04T13:22:39 EDT" duration-ms="28363">
    <groups>
    </groups>
    <test started-at="2022-09-04T13:22:10 EDT" name="Default test" finished-at="2022-09-04T13:22:39 EDT" duration-ms="28363">
      <class name="extandreportexample.Extandrep2">
        <test-method is-config="true" signature="m()[pri:0, instance:extandreportexample.Extandrep2@636be97c]" started-at="2022-09-04T13:22:10 EDT" name="m" finished-at="2022-09-04T13:22:11 EDT" duration-ms="314" status="PASS">
          <reporter-output>
          </reporter-output>
        </test-method> <!-- m -->
        <test-method is-config="true" signature="ll()[pri:0, instance:extandreportexample.Extandrep2@636be97c]" started-at="2022-09-04T13:22:11 EDT" name="ll" finished-at="2022-09-04T13:22:13 EDT" duration-ms="2685" status="PASS">
          <reporter-output>
          </reporter-output>
        </test-method> <!-- ll -->
        <test-method signature="hh()[pri:0, instance:extandreportexample.Extandrep2@636be97c]" started-at="2022-09-04T13:22:13 EDT" name="hh" finished-at="2022-09-04T13:22:16 EDT" duration-ms="2704" status="PASS">
          <reporter-output>
          </reporter-output>
        </test-method> <!-- hh -->
        <test-method is-config="true" signature="hh2()[pri:0, instance:extandreportexample.Extandrep2@636be97c]" started-at="2022-09-04T13:22:16 EDT" name="hh2" finished-at="2022-09-04T13:22:21 EDT" duration-ms="5357" status="PASS">
          <reporter-output>
          </reporter-output>
        </test-method> <!-- hh2 -->
        <test-method is-config="true" signature="ll()[pri:0, instance:extandreportexample.Extandrep2@636be97c]" started-at="2022-09-04T13:22:21 EDT" name="ll" finished-at="2022-09-04T13:22:24 EDT" duration-ms="2497" status="PASS">
          <reporter-output>
          </reporter-output>
        </test-method> <!-- ll -->
        <test-method signature="hh1()[pri:0, instance:extandreportexample.Extandrep2@636be97c]" started-at="2022-09-04T13:22:24 EDT" name="hh1" finished-at="2022-09-04T13:22:33 EDT" duration-ms="8547" status="PASS">
          <reporter-output>
          </reporter-output>
        </test-method> <!-- hh1 -->
        <test-method is-config="true" signature="hh2()[pri:0, instance:extandreportexample.Extandrep2@636be97c]" started-at="2022-09-04T13:22:33 EDT" name="hh2" finished-at="2022-09-04T13:22:38 EDT" duration-ms="5503" status="PASS">
          <reporter-output>
          </reporter-output>
        </test-method> <!-- hh2 -->
        <test-method is-config="true" signature="uu()[pri:0, instance:extandreportexample.Extandrep2@636be97c]" started-at="2022-09-04T13:22:38 EDT" name="uu" finished-at="2022-09-04T13:22:39 EDT" duration-ms="681" status="PASS">
          <reporter-output>
          </reporter-output>
        </test-method> <!-- uu -->
      </class> <!-- extandreportexample.Extandrep2 -->
    </test> <!-- Default test -->
  </suite> <!-- Default suite -->
</testng-results>
