<?xml version="1.0" encoding="UTF-8"?>
<!-- Generated by org.testng.reporters.JUnitXMLReporter -->
<testsuite ignored="0" hostname="Zahid" failures="0" tests="3" name="Test" time="31.229" errors="0" timestamp="2022-07-20T13:46:53 EDT">
  <testcase classname="testngExample.GroupExample" name="verifylogin1" time="9.189"/>
  <testcase classname="testngExample.GroupExample" name="verifysigin" time="10.208"/>
  <testcase classname="testngExample.GroupExample" name="verifysignout" time="11.751"/>
</testsuite> <!-- Test -->
